<?xml version="1.0" encoding="UTF-8"?>
<testng-results ignored="0" total="6" passed="6" failed="0" skipped="0">
  <reporter-output>
  </reporter-output>
  <suite started-at="2025-12-09T15:43:46 IST" name="Suite" finished-at="2025-12-09T15:43:46 IST" duration-ms="48">
    <groups>
    </groups>
    <test started-at="2025-12-09T15:43:46 IST" name="Test" finished-at="2025-12-09T15:43:46 IST" duration-ms="48">
      <class name="pac1.ContactTest">
        <test-method signature="createContactTest()[pri:0, instance:pac1.ContactTest@4387b79e]" started-at="2025-12-09T15:43:46 IST" name="createContactTest" finished-at="2025-12-09T15:43:46 IST" duration-ms="7" status="PASS">
          <reporter-output>
          </reporter-output>
        </test-method> <!-- createContactTest -->
        <test-method signature="deleteContactTest()[pri:0, instance:pac1.ContactTest@4387b79e]" started-at="2025-12-09T15:43:46 IST" name="deleteContactTest" finished-at="2025-12-09T15:43:46 IST" duration-ms="1" status="PASS">
          <reporter-output>
          </reporter-output>
        </test-method> <!-- deleteContactTest -->
        <test-method signature="modifyContactTest()[pri:0, instance:pac1.ContactTest@4387b79e]" started-at="2025-12-09T15:43:46 IST" name="modifyContactTest" finished-at="2025-12-09T15:43:46 IST" duration-ms="1" status="PASS">
          <reporter-output>
          </reporter-output>
        </test-method> <!-- modifyContactTest -->
      </class> <!-- pac1.ContactTest -->
      <class name="pac2.OrgTest">
        <test-method signature="createOrgTest()[pri:0, instance:pac2.OrgTest@4b44655e]" started-at="2025-12-09T15:43:46 IST" name="createOrgTest" finished-at="2025-12-09T15:43:46 IST" duration-ms="0" status="PASS">
          <reporter-output>
          </reporter-output>
        </test-method> <!-- createOrgTest -->
        <test-method signature="deleteOrgTest()[pri:0, instance:pac2.OrgTest@4b44655e]" started-at="2025-12-09T15:43:46 IST" name="deleteOrgTest" finished-at="2025-12-09T15:43:46 IST" duration-ms="2" status="PASS">
          <reporter-output>
          </reporter-output>
        </test-method> <!-- deleteOrgTest -->
        <test-method signature="modifyOrgTest()[pri:0, instance:pac2.OrgTest@4b44655e]" started-at="2025-12-09T15:43:46 IST" name="modifyOrgTest" finished-at="2025-12-09T15:43:46 IST" duration-ms="1" status="PASS">
          <reporter-output>
          </reporter-output>
        </test-method> <!-- modifyOrgTest -->
      </class> <!-- pac2.OrgTest -->
    </test> <!-- Test -->
  </suite> <!-- Suite -->
</testng-results>
