<?xml version="1.0" encoding="UTF-8"?>
<testng-results ignored="0" total="4" passed="4" failed="0" skipped="0">
  <reporter-output>
  </reporter-output>
  <suite started-at="2025-12-04T14:35:47 IST" name="Suite" finished-at="2025-12-04T14:35:47 IST" duration-ms="86">
    <groups>
    </groups>
    <test started-at="2025-12-04T14:35:47 IST" name="Test" finished-at="2025-12-04T14:35:47 IST" duration-ms="86">
      <class name="pac1.ContactTest">
        <test-method signature="createContactTest()[pri:0, instance:pac1.ContactTest@1460a8c0]" started-at="2025-12-04T14:35:47 IST" name="createContactTest" finished-at="2025-12-04T14:35:47 IST" duration-ms="12" status="PASS">
          <reporter-output>
          </reporter-output>
        </test-method> <!-- createContactTest -->
        <test-method signature="modifyContactTest()[pri:0, instance:pac1.ContactTest@1460a8c0]" started-at="2025-12-04T14:35:47 IST" name="modifyContactTest" finished-at="2025-12-04T14:35:47 IST" duration-ms="2" status="PASS">
          <reporter-output>
          </reporter-output>
        </test-method> <!-- modifyContactTest -->
      </class> <!-- pac1.ContactTest -->
      <class name="pac2.OrgTest">
        <test-method signature="createOrgTest()[pri:0, instance:pac2.OrgTest@2aa3cd93]" started-at="2025-12-04T14:35:47 IST" name="createOrgTest" finished-at="2025-12-04T14:35:47 IST" duration-ms="0" status="PASS">
          <reporter-output>
          </reporter-output>
        </test-method> <!-- createOrgTest -->
        <test-method signature="modifyOrgTest()[pri:0, instance:pac2.OrgTest@2aa3cd93]" started-at="2025-12-04T14:35:47 IST" name="modifyOrgTest" finished-at="2025-12-04T14:35:47 IST" duration-ms="1" status="PASS">
          <reporter-output>
          </reporter-output>
        </test-method> <!-- modifyOrgTest -->
      </class> <!-- pac2.OrgTest -->
    </test> <!-- Test -->
  </suite> <!-- Suite -->
</testng-results>
