<?xml version="1.0" encoding="UTF-8"?>
<!-- Generated by org.testng.reporters.JUnitReportReporter -->
<testsuite hostname="DESKTOP-1EFGAQ7" failures="0" tests="3" name="pac2.OrgTest" time="0.003" errors="0" timestamp="2025-12-09T15:43:46 IST" skipped="0">
  <testcase classname="pac2.OrgTest" name="deleteOrgTest" time="0.002"/>
  <testcase classname="pac2.OrgTest" name="createOrgTest" time="0.000"/>
  <testcase classname="pac2.OrgTest" name="modifyOrgTest" time="0.001"/>
</testsuite> <!-- pac2.OrgTest -->
