<?xml version="1.0" encoding="UTF-8"?>
<!-- Generated by org.testng.reporters.JUnitReportReporter -->
<testsuite hostname="DESKTOP-1EFGAQ7" failures="0" tests="3" name="pac1.ContactTest" time="0.009" errors="0" timestamp="2025-12-09T15:43:46 IST" skipped="0">
  <testcase classname="pac1.ContactTest" name="deleteContactTest" time="0.001"/>
  <testcase classname="pac1.ContactTest" name="createContactTest" time="0.007"/>
  <testcase classname="pac1.ContactTest" name="modifyContactTest" time="0.001"/>
</testsuite> <!-- pac1.ContactTest -->
